<?xml version="1.0" encoding="UTF-8"?>
<!-- Generated by org.testng.reporters.JUnitReportReporter -->
<testsuite skipped="0" hostname="SHREEG-PC" name="Configurations.BaseClass" tests="1" failures="0" timestamp="2020-07-25T18:33:12 IST" time="42.154" errors="0">
  <testcase name="setUp" time="42.154" classname="Configurations.BaseClass"/>
  <system-out/>
</testsuite> <!-- Configurations.BaseClass -->
