<?xml version="1.0" encoding="UTF-8"?>
<!-- Generated by org.testng.reporters.JUnitReportReporter -->
<testsuite skipped="0" hostname="SHREEG-PC" name="WeatherMapAPI.WeatherMapAPI_getRequest" tests="5" failures="0" timestamp="2020-07-27T01:46:43 IST" time="10.092" errors="0">
  <testcase name="TryRedeleteStations" time="5.298" classname="WeatherMapAPI.WeatherMapAPI_getRequest"/>
  <system-out/>
  <testcase name="deleteStations" time="1.052" classname="WeatherMapAPI.WeatherMapAPI_getRequest"/>
  <system-out/>
  <testcase name="getStations" time="1.053" classname="WeatherMapAPI.WeatherMapAPI_getRequest"/>
  <system-out/>
  <testcase name="postStation" time="1.163" classname="WeatherMapAPI.WeatherMapAPI_getRequest"/>
  <system-out/>
  <testcase name="getWeatherWithOutRegister" time="1.526" classname="WeatherMapAPI.WeatherMapAPI_getRequest"/>
  <system-out/>
</testsuite> <!-- WeatherMapAPI.WeatherMapAPI_getRequest -->
