<?xml version="1.0" encoding="UTF-8"?>
<!-- Generated by org.testng.reporters.JUnitReportReporter -->
<testsuite skipped="0" hostname="SHREEG-PC" name="Test_Cases.TC1_DefaultPage001" tests="2" failures="0" timestamp="2020-07-31T15:26:37 IST" time="42.078" errors="0">
  <testcase name="VerifyDefaultPageAndSignIn" time="38.769" classname="Test_Cases.TC1_DefaultPage001"/>
  <system-out/>
  <testcase name="verifyCheckOut" time="3.309" classname="Test_Cases.TC1_DefaultPage001"/>
  <system-out/>
</testsuite> <!-- Test_Cases.TC1_DefaultPage001 -->
