<?xml version="1.0" encoding="UTF-8"?>
<!-- Generated by org.testng.reporters.JUnitReportReporter -->
<testsuite skipped="0" hostname="SHREEG-PC" name="WeatherMapAPI.WeatherMapAPIRequests" tests="5" failures="0" timestamp="2020-07-31T15:26:37 IST" time="8.687" errors="0">
  <testcase name="postStation" time="2.008" classname="WeatherMapAPI.WeatherMapAPIRequests"/>
  <system-out/>
  <testcase name="getWeatherWithOutRegister" time="3.215" classname="WeatherMapAPI.WeatherMapAPIRequests"/>
  <system-out/>
  <testcase name="getStations" time="0.915" classname="WeatherMapAPI.WeatherMapAPIRequests"/>
  <system-out/>
  <testcase name="deleteStations" time="1.268" classname="WeatherMapAPI.WeatherMapAPIRequests"/>
  <system-out/>
  <testcase name="TryRedeleteStations" time="1.281" classname="WeatherMapAPI.WeatherMapAPIRequests"/>
  <system-out/>
</testsuite> <!-- WeatherMapAPI.WeatherMapAPIRequests -->
